Traceback (most recent call last):
  File "/usr/local/lib/python3.10/dist-packages/jupyter_cache/executors/utils.py", line 58, in single_nb_execution
    executenb(
  File "/usr/local/lib/python3.10/dist-packages/nbclient/client.py", line 1314, in execute
    return NotebookClient(nb=nb, resources=resources, km=km, **kwargs).execute()
  File "/usr/local/lib/python3.10/dist-packages/jupyter_core/utils/__init__.py", line 165, in wrapped
    return loop.run_until_complete(inner)
  File "/usr/lib/python3.10/asyncio/base_events.py", line 649, in run_until_complete
    return future.result()
  File "/usr/local/lib/python3.10/dist-packages/nbclient/client.py", line 709, in async_execute
    await self.async_execute_cell(
  File "/usr/local/lib/python3.10/dist-packages/nbclient/client.py", line 1062, in async_execute_cell
    await self._check_raise_for_error(cell, cell_index, exec_reply)
  File "/usr/local/lib/python3.10/dist-packages/nbclient/client.py", line 918, in _check_raise_for_error
    raise CellExecutionError.from_cell_and_msg(cell, exec_reply_content)
nbclient.exceptions.CellExecutionError: An error occurred while executing the following cell:
------------------
import numpy as np
A = np.array([[2,5,3],[2,6,3],[7,9,2]])
print(A)
B = np.array([[2,1,4],[7,3,6],[2,6,5]])
print(B)
C = np.array([[2,4],[3,6],[7,2]])
print(C)
D = np.array([[8,4,4],[2,5,6],[7,2,5]])
print(D)

print(a@C)
------------------

----- stdout -----
[[2 5 3]
 [2 6 3]
 [7 9 2]]
[[2 1 4]
 [7 3 6]
 [2 6 5]]
[[2 4]
 [3 6]
 [7 2]]
[[8 4 4]
 [2 5 6]
 [7 2 5]]
------------------

[0;31m---------------------------------------------------------------------------[0m
[0;31mNameError[0m                                 Traceback (most recent call last)
[0;32m<ipython-input-2-3a7527de55df>[0m in [0;36m<cell line: 11>[0;34m()[0m
[1;32m      9[0m [0mprint[0m[0;34m([0m[0mD[0m[0;34m)[0m[0;34m[0m[0;34m[0m[0m
[1;32m     10[0m [0;34m[0m[0m
[0;32m---> 11[0;31m [0mprint[0m[0;34m([0m[0ma[0m[0;34m@[0m[0mC[0m[0;34m)[0m[0;34m[0m[0;34m[0m[0m
[0m
[0;31mNameError[0m: name 'a' is not defined

